ERROR:root:FIXME: Unimplemented - put('list', 'A sequence of things created with []')
ERROR:root:FIXME: Unimplemented - get('list')
INFO:root:Constructing parser
INFO:root:Constructing parser
DEBUG:root:Constructing put subparcer
INFO:root:Constructing parser
DEBUG:root:Constructing put subparcer
INFO:root:Constructing parser
DEBUG:root:Constructing put subparcer
INFO:root:Constructing parser
DEBUG:root:Constructing put subparcer
INFO:root:Constructing parser
DEBUG:root:Constructing put subparcer
INFO:root:Constructing parser
DEBUG:root:Constructing put subparcer
INFO:root:Constructing parser
INFO:root:Constructing put subparcer
INFO:root:Constructing get subparcer
INFO:root:Constructing parser
INFO:root:Constructing put subparcer
INFO:root:Constructing get subparcer
ERROR:root:FIXME: Unimplemented - put('list', 'A sequence of things - created using []')
